<?xml version="1.0" encoding="UTF-8"?>
<!-- Generated by org.testng.reporters.JUnitReportReporter -->
<testsuite hostname="DESKTOP-3060BPL" name="RifatTest.RifatTest.chase" tests="1" failures="0" timestamp="6 Jul 2017 01:10:34 GMT" time="37.288" errors="0">
  <testcase name="ChaseBank" time="37.288" classname="RifatTest.RifatTest.chase"/>
</testsuite> <!-- RifatTest.RifatTest.chase -->
